[0m14:50:06.200596 [debug] [MainThread]: Sending event: {'category': 'dbt', 'action': 'invocation', 'label': 'start', 'context': [<snowplow_tracker.self_describing_json.SelfDescribingJson object at 0x000002220144DA90>, <snowplow_tracker.self_describing_json.SelfDescribingJson object at 0x0000022202F764B0>, <snowplow_tracker.self_describing_json.SelfDescribingJson object at 0x0000022202F77BF0>]}


============================== 14:50:06.362850 | 31fd438c-062c-4123-99c2-0b1380ba9f7c ==============================
[0m14:50:06.362850 [info ] [MainThread]: Running with dbt=1.11.11
[0m14:50:06.364257 [debug] [MainThread]: running dbt with arguments {'static_parser': 'True', 'no_print': 'None', 'version_check': 'True', 'warn_error_options': 'WarnErrorOptionsV2(error=[], warn=[], silence=[])', 'target_path': 'None', 'printer_width': '80', 'write_json': 'True', 'introspect': 'True', 'log_cache_events': 'False', 'empty': 'None', 'cache_selected_only': 'False', 'fail_fast': 'False', 'debug': 'False', 'log_format': 'default', 'profiles_dir': 'C:\\Users\\milan\\.dbt', 'send_anonymous_usage_stats': 'True', 'quiet': 'False', 'warn_error': 'None', 'partial_parse': 'True', 'use_colors': 'True', 'indirect_selection': 'eager', 'invocation_command': 'dbt init', 'use_experimental_parser': 'False', 'log_path': 'logs'}
[0m14:51:49.717818 [debug] [MainThread]: Starter project path: E:\MIlan_Stuffs\project\dbt_dev\.venv\Lib\site-packages\dbt\include\starter_project
[0m14:51:49.794530 [info ] [MainThread]: 
Your new dbt project "dbtProject" was created!

For more information on how to configure the profiles.yml file,
please consult the dbt documentation here:

  https://docs.getdbt.com/docs/configure-your-profile

One more thing:

Need help? Don't hesitate to reach out to us via GitHub issues or on Slack:

  https://community.getdbt.com/

Happy modeling!

[0m14:51:49.794530 [info ] [MainThread]: Setting up your profile.
[0m14:56:40.936747 [info ] [MainThread]: Profile dbtProject written to C:\Users\milan\.dbt\profiles.yml using target's profile_template.yml and your supplied values. Run 'dbt debug' to validate the connection.
[0m14:56:40.938301 [debug] [MainThread]: Command `dbt init` succeeded at 14:56:40.938301 after 394.95 seconds
[0m14:56:40.938301 [debug] [MainThread]: Sending event: {'category': 'dbt', 'action': 'invocation', 'label': 'end', 'context': [<snowplow_tracker.self_describing_json.SelfDescribingJson object at 0x0000022201DD0CB0>, <snowplow_tracker.self_describing_json.SelfDescribingJson object at 0x000002220362EEA0>, <snowplow_tracker.self_describing_json.SelfDescribingJson object at 0x000002227F941190>]}
[0m14:56:40.948127 [debug] [MainThread]: Flushing usage events
[0m14:56:42.385617 [debug] [MainThread]: An error was encountered while trying to flush usage events
[0m14:57:21.100438 [debug] [MainThread]: Sending event: {'category': 'dbt', 'action': 'invocation', 'label': 'start', 'context': [<snowplow_tracker.self_describing_json.SelfDescribingJson object at 0x0000017979C16E10>, <snowplow_tracker.self_describing_json.SelfDescribingJson object at 0x000001797D82D010>, <snowplow_tracker.self_describing_json.SelfDescribingJson object at 0x000001797D82C3B0>]}


============================== 14:57:21.106895 | cd7adf31-e7e4-4320-a991-5bb5e43fe111 ==============================
[0m14:57:21.106895 [info ] [MainThread]: Running with dbt=1.11.11
[0m14:57:21.108795 [debug] [MainThread]: running dbt with arguments {'static_parser': 'True', 'no_print': 'None', 'version_check': 'True', 'target_path': 'None', 'warn_error_options': 'WarnErrorOptionsV2(error=[], warn=[], silence=[])', 'printer_width': '80', 'write_json': 'True', 'empty': 'None', 'log_cache_events': 'False', 'introspect': 'True', 'cache_selected_only': 'False', 'fail_fast': 'False', 'debug': 'False', 'log_format': 'default', 'profiles_dir': 'C:\\Users\\milan\\.dbt', 'send_anonymous_usage_stats': 'True', 'quiet': 'False', 'warn_error': 'None', 'partial_parse': 'True', 'invocation_command': 'dbt debug', 'use_colors': 'True', 'indirect_selection': 'eager', 'use_experimental_parser': 'False', 'log_path': 'logs'}
[0m14:57:21.196083 [info ] [MainThread]: dbt version: 1.11.11
[0m14:57:21.196083 [info ] [MainThread]: python version: 3.12.13
[0m14:57:21.196083 [info ] [MainThread]: python path: E:\MIlan_Stuffs\project\dbt_dev\.venv\Scripts\python.exe
[0m14:57:21.196083 [info ] [MainThread]: os info: Windows-11-10.0.26200-SP0
[0m14:57:21.196083 [info ] [MainThread]: Error importing adapter: No module named 'dbt.adapters.databricks'
[0m14:57:21.381759 [info ] [MainThread]: Error importing adapter: No module named 'dbt.adapters.databricks'
[0m14:57:21.385871 [info ] [MainThread]: Error importing adapter: No module named 'dbt.adapters.databricks'
[0m14:57:21.387355 [info ] [MainThread]: Using profiles dir at C:\Users\milan\.dbt
[0m14:57:21.387959 [info ] [MainThread]: Using profiles.yml file at C:\Users\milan\.dbt\profiles.yml
[0m14:57:21.387959 [info ] [MainThread]: Using dbt_project.yml file at E:\MIlan_Stuffs\project\dbt_dev\dbt_project.yml
[0m14:57:21.387959 [info ] [MainThread]: Configuration:
[0m14:57:21.387959 [info ] [MainThread]:   profiles.yml file [[31mERROR invalid[0m]
[0m14:57:21.387959 [info ] [MainThread]:   dbt_project.yml file [[31mERROR not found[0m]
[0m14:57:21.391417 [info ] [MainThread]: Required dependencies:
[0m14:57:21.391417 [debug] [MainThread]: Executing "git --help"
[0m14:57:21.464337 [debug] [MainThread]: STDOUT: "b"usage: git [-v | --version] [-h | --help] [-C <path>] [-c <name>=<value>]\n           [--exec-path[=<path>]] [--html-path] [--man-path] [--info-path]\n           [-p | --paginate | -P | --no-pager] [--no-replace-objects] [--no-lazy-fetch]\n           [--no-optional-locks] [--no-advice] [--bare] [--git-dir=<path>]\n           [--work-tree=<path>] [--namespace=<name>] [--config-env=<name>=<envvar>]\n           <command> [<args>]\n\nThese are common Git commands used in various situations:\n\nstart a working area (see also: git help tutorial)\n   clone      Clone a repository into a new directory\n   init       Create an empty Git repository or reinitialize an existing one\n\nwork on the current change (see also: git help everyday)\n   add        Add file contents to the index\n   mv         Move or rename a file, a directory, or a symlink\n   restore    Restore working tree files\n   rm         Remove files from the working tree and from the index\n\nexamine the history and state (see also: git help revisions)\n   bisect     Use binary search to find the commit that introduced a bug\n   diff       Show changes between commits, commit and working tree, etc\n   grep       Print lines matching a pattern\n   log        Show commit logs\n   show       Show various types of objects\n   status     Show the working tree status\n\ngrow, mark and tweak your common history\n   backfill   Download missing objects in a partial clone\n   branch     List, create, or delete branches\n   commit     Record changes to the repository\n   history    EXPERIMENTAL: Rewrite history\n   merge      Join two or more development histories together\n   rebase     Reapply commits on top of another base tip\n   reset      Set `HEAD` or the index to a known state\n   switch     Switch branches\n   tag        Create, list, delete or verify tags\n\ncollaborate (see also: git help workflows)\n   fetch      Download objects and refs from another repository\n   pull       Fetch from and integrate with another repository or a local branch\n   push       Update remote refs along with associated objects\n\n'git help -a' and 'git help -g' list available subcommands and some\nconcept guides. See 'git help <command>' or 'git help <concept>'\nto read about a specific subcommand or concept.\nSee 'git help git' for an overview of the system.\n""
[0m14:57:21.464337 [debug] [MainThread]: STDERR: "b''"
[0m14:57:21.465444 [info ] [MainThread]:  - git [[32mOK found[0m]

[0m14:57:21.466335 [info ] [MainThread]: Connection test skipped since no profile was found
[0m14:57:21.466335 [info ] [MainThread]: [31m2 checks failed:[0m
[0m14:57:21.467336 [info ] [MainThread]: Could not load dbt_project.yml
Profile loading failed for the following reason:
Runtime Error
  Credentials in profile "DbtPratice", target "dev" invalid: Runtime Error
    Could not find adapter type databricks!

Runtime Error
  Credentials in profile "milan_dbt_pratice", target "dev" invalid: Runtime Error
    Could not find adapter type databricks!

Runtime Error
  Credentials in profile "mlan_dbt_pratice", target "dev" invalid: Runtime Error
    Could not find adapter type databricks!


[0m14:57:21.468338 [info ] [MainThread]: Project loading failed for the following reason:
 project path <E:\MIlan_Stuffs\project\dbt_dev\dbt_project.yml> not found

[0m14:57:21.470337 [debug] [MainThread]: Command `dbt debug` failed at 14:57:21.470337 after 0.71 seconds
[0m14:57:21.470658 [debug] [MainThread]: Sending event: {'category': 'dbt', 'action': 'invocation', 'label': 'end', 'context': [<snowplow_tracker.self_describing_json.SelfDescribingJson object at 0x000001797D79FAD0>, <snowplow_tracker.self_describing_json.SelfDescribingJson object at 0x000001797AF8DAF0>, <snowplow_tracker.self_describing_json.SelfDescribingJson object at 0x000001797D1FF530>]}
[0m14:57:21.470658 [debug] [MainThread]: Flushing usage events
[0m14:57:22.596404 [debug] [MainThread]: An error was encountered while trying to flush usage events
[0m19:40:12.434099 [debug] [MainThread]: Sending event: {'category': 'dbt', 'action': 'invocation', 'label': 'start', 'context': [<snowplow_tracker.self_describing_json.SelfDescribingJson object at 0x000001C9BFB4CF20>, <snowplow_tracker.self_describing_json.SelfDescribingJson object at 0x000001C9BFE96DB0>, <snowplow_tracker.self_describing_json.SelfDescribingJson object at 0x000001C9BFE95490>]}


============================== 19:40:12.481877 | 0cbbede8-3ca5-4b94-9259-bb6fbe6d5499 ==============================
[0m19:40:12.481877 [info ] [MainThread]: Running with dbt=1.11.11
[0m19:40:12.482975 [debug] [MainThread]: running dbt with arguments {'static_parser': 'True', 'no_print': 'None', 'version_check': 'True', 'target_path': 'None', 'warn_error_options': 'WarnErrorOptionsV2(error=[], warn=[], silence=[])', 'printer_width': '80', 'write_json': 'True', 'introspect': 'True', 'log_cache_events': 'False', 'empty': 'False', 'cache_selected_only': 'False', 'fail_fast': 'False', 'debug': 'False', 'log_format': 'default', 'profiles_dir': 'C:\\Users\\milan\\.dbt', 'send_anonymous_usage_stats': 'True', 'quiet': 'False', 'warn_error': 'None', 'partial_parse': 'True', 'indirect_selection': 'eager', 'use_colors': 'True', 'invocation_command': 'dbt run -s intermediate_accounts', 'use_experimental_parser': 'False', 'log_path': 'logs'}
[0m19:40:12.484736 [error] [MainThread]: Encountered an error:
Runtime Error
  No dbt_project.yml found at expected path E:\MIlan_Stuffs\project\dbt_dev\dbt_project.yml
  Verify that each entry within packages.yml (and their transitive dependencies) contains a file named dbt_project.yml
  
[0m19:40:12.487772 [debug] [MainThread]: Command `dbt run` failed at 19:40:12.487772 after 0.47 seconds
[0m19:40:12.487772 [debug] [MainThread]: Sending event: {'category': 'dbt', 'action': 'invocation', 'label': 'end', 'context': [<snowplow_tracker.self_describing_json.SelfDescribingJson object at 0x000001C9BF7A71A0>, <snowplow_tracker.self_describing_json.SelfDescribingJson object at 0x000001C9C013C8C0>, <snowplow_tracker.self_describing_json.SelfDescribingJson object at 0x000001C9C16C3D10>]}
[0m19:40:12.489789 [debug] [MainThread]: Flushing usage events
[0m19:40:13.999586 [debug] [MainThread]: An error was encountered while trying to flush usage events
[0m07:14:09.733832 [debug] [MainThread]: Sending event: {'category': 'dbt', 'action': 'invocation', 'label': 'start', 'context': [<snowplow_tracker.self_describing_json.SelfDescribingJson object at 0x0000017BB1DFCB60>, <snowplow_tracker.self_describing_json.SelfDescribingJson object at 0x0000017BB24BE300>, <snowplow_tracker.self_describing_json.SelfDescribingJson object at 0x0000017BB24BE2A0>]}


============================== 07:14:09.826632 | 4b11f21e-21e3-4acd-b661-3663d487b99d ==============================
[0m07:14:09.826632 [info ] [MainThread]: Running with dbt=1.11.11
[0m07:14:09.828918 [debug] [MainThread]: running dbt with arguments {'version_check': 'True', 'no_print': 'None', 'static_parser': 'True', 'target_path': 'None', 'warn_error_options': 'WarnErrorOptionsV2(error=[], warn=[], silence=[])', 'printer_width': '80', 'write_json': 'True', 'empty': 'False', 'log_cache_events': 'False', 'introspect': 'True', 'cache_selected_only': 'False', 'log_format': 'default', 'debug': 'False', 'fail_fast': 'False', 'partial_parse': 'True', 'send_anonymous_usage_stats': 'True', 'quiet': 'False', 'warn_error': 'None', 'profiles_dir': 'C:\\Users\\milan\\.dbt', 'use_colors': 'True', 'indirect_selection': 'eager', 'invocation_command': 'dbt run -s intermediate.intermediate_customer', 'use_experimental_parser': 'False', 'log_path': 'logs'}
[0m07:14:09.830000 [error] [MainThread]: Encountered an error:
Runtime Error
  No dbt_project.yml found at expected path E:\MIlan_Stuffs\project\dbt_dev\dbt_project.yml
  Verify that each entry within packages.yml (and their transitive dependencies) contains a file named dbt_project.yml
  
[0m07:14:09.833006 [debug] [MainThread]: Command `dbt run` failed at 07:14:09.831999 after 0.30 seconds
[0m07:14:09.833006 [debug] [MainThread]: Sending event: {'category': 'dbt', 'action': 'invocation', 'label': 'end', 'context': [<snowplow_tracker.self_describing_json.SelfDescribingJson object at 0x0000017BAFA2F2C0>, <snowplow_tracker.self_describing_json.SelfDescribingJson object at 0x0000017BB211ACC0>, <snowplow_tracker.self_describing_json.SelfDescribingJson object at 0x0000017BB1EE22D0>]}
[0m07:14:09.834004 [debug] [MainThread]: Flushing usage events
[0m07:14:11.144152 [debug] [MainThread]: An error was encountered while trying to flush usage events
[0m17:14:52.030556 [debug] [MainThread]: Sending event: {'category': 'dbt', 'action': 'invocation', 'label': 'start', 'context': [<snowplow_tracker.self_describing_json.SelfDescribingJson object at 0x000001B3D80370B0>, <snowplow_tracker.self_describing_json.SelfDescribingJson object at 0x000001B3DA7E7A70>, <snowplow_tracker.self_describing_json.SelfDescribingJson object at 0x000001B3DA7E7CB0>]}


============================== 17:14:52.070652 | 98abfb7e-5c04-4a9d-acd7-af5e9a57310c ==============================
[0m17:14:52.070652 [info ] [MainThread]: Running with dbt=1.11.11
[0m17:14:52.070652 [debug] [MainThread]: running dbt with arguments {'static_parser': 'True', 'no_print': 'None', 'version_check': 'True', 'warn_error_options': 'WarnErrorOptionsV2(error=[], warn=[], silence=[])', 'target_path': 'None', 'printer_width': '80', 'write_json': 'True', 'empty': 'False', 'log_cache_events': 'False', 'introspect': 'True', 'cache_selected_only': 'False', 'log_format': 'default', 'debug': 'False', 'fail_fast': 'False', 'partial_parse': 'True', 'send_anonymous_usage_stats': 'True', 'quiet': 'False', 'warn_error': 'None', 'profiles_dir': 'C:\\Users\\milan\\.dbt', 'indirect_selection': 'eager', 'use_colors': 'True', 'invocation_command': 'dbt run -s stg_branch', 'use_experimental_parser': 'False', 'log_path': 'logs'}
[0m17:14:52.072662 [error] [MainThread]: Encountered an error:
Runtime Error
  No dbt_project.yml found at expected path E:\MIlan_Stuffs\project\dbt_dev\dbt_project.yml
  Verify that each entry within packages.yml (and their transitive dependencies) contains a file named dbt_project.yml
  
[0m17:14:52.072662 [debug] [MainThread]: Command `dbt run` failed at 17:14:52.072662 after 0.37 seconds
[0m17:14:52.072662 [debug] [MainThread]: Sending event: {'category': 'dbt', 'action': 'invocation', 'label': 'end', 'context': [<snowplow_tracker.self_describing_json.SelfDescribingJson object at 0x000001B3DA78D6D0>, <snowplow_tracker.self_describing_json.SelfDescribingJson object at 0x000001B3DC6E5940>, <snowplow_tracker.self_describing_json.SelfDescribingJson object at 0x000001B3DC738470>]}
[0m17:14:52.082652 [debug] [MainThread]: Flushing usage events
[0m17:14:53.483738 [debug] [MainThread]: An error was encountered while trying to flush usage events
